<?xml version="1.0" encoding="UTF-8"?>
<!-- Generated by org.testng.reporters.JUnitReportReporter -->
<testsuite hostname="Ktex03" failures="0" tests="2" name="com.qa.practice.getPracticeBehaviour" time="1.872" errors="0" timestamp="2022-06-23T18:22:49 EDT" skipped="0">
  <testcase classname="com.qa.practice.getPracticeBehaviour" name="getcall" time="1.704"/>
  <system-out/>
  <testcase classname="com.qa.practice.getPracticeBehaviour" name="getListcall" time="0.168"/>
  <system-out/>
</testsuite> <!-- com.qa.practice.getPracticeBehaviour -->
