<?xml version="1.0" encoding="UTF-8"?>
<!-- Generated by org.testng.reporters.JUnitReportReporter -->
<testsuite hostname="Ktex03" failures="0" tests="3" name="com.qa.practice.postPractice" time="2.029" errors="0" timestamp="2022-06-08T16:28:04 EDT" skipped="0">
  <testcase classname="com.qa.practice.postPractice" name="postCallJObject" time="0.295"/>
  <system-out/>
  <testcase classname="com.qa.practice.postPractice" name="postCallJObject" time="0.292"/>
  <system-out/>
  <testcase classname="com.qa.practice.postPractice" name="postCallJObject" time="1.442"/>
  <system-out/>
</testsuite> <!-- com.qa.practice.postPractice -->
