<?xml version="1.0" encoding="UTF-8"?>
<!-- Generated by org.testng.reporters.JUnitReportReporter -->
<testsuite hostname="Ktex03" failures="0" tests="2" name="com.qa.practice.getPractice" time="1.305" errors="0" timestamp="2022-06-23T17:49:46 EDT" skipped="0">
  <testcase classname="com.qa.practice.getPractice" name="getcall" time="1.166"/>
  <system-out/>
  <testcase classname="com.qa.practice.getPractice" name="ListGetCall" time="0.139"/>
  <system-out/>
</testsuite> <!-- com.qa.practice.getPractice -->
