<?xml version="1.0" encoding="UTF-8"?>
<!-- Generated by org.testng.reporters.JUnitReportReporter -->
<testsuite hostname="Ktex03" failures="0" tests="1" name="com.qa.base.TestBase" time="2.101" errors="0" timestamp="2022-06-07T09:37:52 EDT" skipped="0">
  <testcase classname="com.qa.base.TestBase" name="getcall" time="2.101"/>
  <system-out/>
</testsuite> <!-- com.qa.base.TestBase -->
