<?xml version="1.0" encoding="UTF-8"?>
<!-- Generated by org.testng.reporters.JUnitReportReporter -->
<testsuite hostname="Ktex03" failures="0" tests="1" name="com.qa.practice.Get" time="2.274" errors="0" timestamp="2022-06-23T19:00:03 EDT" skipped="0">
  <testcase classname="com.qa.practice.Get" name="getP" time="2.274"/>
  <system-out/>
</testsuite> <!-- com.qa.practice.Get -->
