<?xml version="1.0" encoding="UTF-8"?>
<!-- Generated by org.testng.reporters.JUnitReportReporter -->
<testsuite hostname="Ktex03" failures="0" tests="1" name="com.qa.practice.DeletePractice" time="1.369" errors="0" timestamp="2022-06-08T17:13:16 EDT" skipped="0">
  <testcase classname="com.qa.practice.DeletePractice" name="deleteCall" time="1.369"/>
  <system-out/>
</testsuite> <!-- com.qa.practice.DeletePractice -->
