<?xml version="1.0" encoding="UTF-8"?>
<!-- Generated by org.testng.reporters.JUnitReportReporter -->
<testsuite hostname="Ktex03" failures="0" tests="3" name="com.qa.practice.Postp" time="2.122" errors="0" timestamp="2022-06-23T20:32:53 EDT" skipped="0">
  <testcase classname="com.qa.practice.Postp" name="jsondataTest" time="1.525"/>
  <system-out/>
  <testcase classname="com.qa.practice.Postp" name="jsondataTest" time="0.288"/>
  <system-out/>
  <testcase classname="com.qa.practice.Postp" name="jsondataTest" time="0.309"/>
  <system-out/>
</testsuite> <!-- com.qa.practice.Postp -->
