<?xml version="1.0" encoding="UTF-8"?>
<!-- Generated by org.testng.reporters.JUnitReportReporter -->
<testsuite hostname="Ktex03" failures="0" tests="1" name="com.qa.practice.updatePractice" time="1.442" errors="0" timestamp="2022-06-07T13:10:15 EDT" skipped="0">
  <testcase classname="com.qa.practice.updatePractice" name="putCallJObject" time="1.442"/>
  <system-out/>
</testsuite> <!-- com.qa.practice.updatePractice -->
